Skewness for high_school_us_history: [1.49634776 3.31034483 1.39470296 1.74950838 1.20149603 1.31155655
 1.73614068 1.67210909 1.91306644 1.5699124  1.21682822 4.29505947
 3.13371243 1.68103153 1.69356907 1.36085311 1.34288579 1.39655636
 1.50080424 1.52568856 1.51366354 1.48806457 1.68839779 1.25766268
 1.53547572 1.29339971 1.40500398 1.31281025 1.5148032  1.36854957
 1.94842045 2.14047466] mean: 1.7177781252330422 max 4.295059469350412 min 1.2014960261804581
Skewness for high_school_biology: [ 1.27498927  3.06798867  2.07012543  1.93793911  1.40644038  1.49266446
  2.34695086  1.54612159  1.93721198  2.43688037  1.41942805 22.20903955
  4.06109325  1.98720293  2.33164877  2.21862872  1.97895967  2.03076923
  1.68355041  1.82753247  2.32937294  1.99811558  2.08765195  1.5390822
  1.63859649  1.3047619   1.45200846  1.72371134  1.76957831  1.93344907
  2.46385542  2.44255608] mean: 2.623372028717233 max 22.2090395480226 min 1.274989274989275
Skewness for college_computer_science: [ 1.46736981  5.33187773  1.97721519  1.96338487  1.32735426  1.37459494
  1.7764804   1.73733437  1.7945098   2.06619385  2.25188679 18.22962963
  4.20552677  1.61571429  2.7223382   2.58396533  2.06170886  2.57297297
  1.48454349  2.25970149  2.09620991  2.07386815  2.00787402  1.586657
  2.13386525  1.78550725  1.55177112  1.77967359  2.09557522  1.61934586
  3.72811671  1.76772793] mean: 2.657202970688508 max 18.229629629629628 min 1.3273542600896862
Skewness for machine_learning: [ 1.42512563  4.62285714  1.91895262  1.80149813  1.26736441  1.29706717
  1.42645607  2.09461078  2.13179348  2.75735294  1.93527081 16.01851852
  3.5583524   1.83690476  3.73333333  2.36998514  1.9702381   2.00120048
  1.34065934  1.69792935  2.41050903  1.65212264  1.52677596  1.55739514
  2.1659751   2.00718563  1.64605544  1.86808009  1.62908681  1.8748538
  2.66195191  1.51832994] mean: 2.491368503160721 max 16.01851851851852 min 1.2673644148430068
Skewness for college_medicine: [1.4523507  2.94736842 1.55944661 1.56885726 1.53861154 1.47538271
 1.65029292 1.93289842 1.57979798 1.8955     2.01539278 7.15532286
 4.15819751 1.48536082 2.47716628 1.77642657 1.48402182 1.74349125
 1.35097814 1.54489974 1.7015873  1.33136749 1.2987013  1.43261868
 1.4378794  1.31704545 1.42086753 1.42395358 1.3730128  1.8844697
 2.23950617 2.09284232] mean: 1.9295505017255914 max 7.155322862129146 min 1.2987012987012987
Skewness for international_law: [ 2.33098592  3.20179372  1.87020649  2.48220065  1.65940054  2.25650558
  2.72200772  1.90027701  3.43119266  3.08675799  2.3180212  35.65217391
  3.55670103  2.36996337  2.76494024  2.88888889  5.90909091  2.81404959
  2.22813688  2.45090909  2.72653061  1.62729659  1.81681682  2.20848057
  1.94533762  2.80827068  1.71842105  1.99703264  2.27863777  2.19375
  2.66415094  1.7890411 ] mean: 3.5521240554023876 max 35.65217391304348 min 1.6272965879265093
Skewness for high_school_mathematics: [1.50674157 4.16129032 2.06234537 2.00352578 1.42241032 1.72296731
 1.60718516 1.55787714 1.97524967 1.83951197 2.44510546 3.3676236
 2.44166667 1.97477876 1.80069626 2.40979381 2.52235966 2.01143863
 2.10970232 1.446      1.98569239 2.05836397 2.03711426 1.57170618
 2.09587728 1.59469555 1.65856574 1.71379606 2.67018779 1.68318068
 3.8121632  1.43151694] mean: 2.0844103070300717 max 4.161290322580645 min 1.4224103184199919